<?xml version="1.0" encoding="UTF-8"?>
<testsuites name="TS_RegressionTest_With TestOps Visual Testing" time="26.241" tests="2" failures="1" errors="0">
   <testsuite name="TS_RegressionTest_With TestOps Visual Testing" tests="2" failures="1" errors="0" time="26.241" skipped="0" timestamp="10-12-2023T17:28:32" hostname="1878 - 192.168.10.118" id="Test Suites/TS_RegressionTest_With TestOps Visual Testing">
      <properties>
         <property name="deviceName" value=""/>
         <property name="devicePlatform" value=""/>
         <property name="logFolder" value="C:\\Users\\1878\\git\\WebiGloPOC\\WebiGloPOC\\Reports\\20231210_172816\\TS_RegressionTest_With TestOps Visual Testing\\20231210_172819"/>
         <property name="logFiles" value="C:\\Users\\1878\\git\\WebiGloPOC\\WebiGloPOC\\Reports\\20231210_172816\\TS_RegressionTest_With TestOps Visual Testing\\20231210_172819\\execution0.log"/>
         <property name="attachments" value="keyes\keyes-Login Dialog Origin.png, keyes\keyes-Login Dialog With Data.png"/>
         <property name="hostName" value="1878 - 192.168.10.118"/>
         <property name="os" value="Windows 11 64bit"/>
         <property name="katalonVersion" value="9.1.0.212"/>
         <property name="browser" value="Chrome 119.0.0.0"/>
         <property name="hostAddress" value="192.168.10.118"/>
         <property name="sessionId" value="254ad1d90e4266aeedf0540f0673134f"/>
         <property name="seleniumVersion" value="3.141.59"/>
         <property name="proxyInformation" value="ProxyInformation { proxyOption=NO_PROXY, proxyServerType=HTTP, username=, password=********, proxyServerAddress=, proxyServerPort=0, executionList=&quot;&quot;, isApplyToDesiredCapabilities=true }"/>
         <property name="platform" value="Windows 11"/>
      </properties>
      <testcase name="Test Cases/Main Test Cases/TC1_Verify Successful Login_With TestOps Visual Testing" time="14.433" classname="Test Cases/Main Test Cases/TC1_Verify Successful Login_With TestOps Visual Testing" status="PASSED">
         <system-out><![CDATA[10-12-2023T17:28:32 - [TEST_CASE][PASSED] - Test Cases/Main Test Cases/TC1_Verify Successful Login_With TestOps Visual Testing: Test Cases/Main Test Cases/TC1_Verify Successful Login_With TestOps Visual Testing

10-12-2023T17:28:33 - [TEST_STEP][PASSED] - comment("Story: Login to CURA system"): Story: Login to CURA system

10-12-2023T17:28:33 - [MESSAGE][INFO] - Story: Login to CURA system

10-12-2023T17:28:33 - [TEST_STEP][PASSED] - comment("Given that the user has the valid login information"): Given that the user has the valid login information

10-12-2023T17:28:33 - [MESSAGE][INFO] - Given that the user has the valid login information

10-12-2023T17:28:33 - [TEST_STEP][PASSED] - openBrowser(G_SiteURL): Browser is opened with url: 'http://demoaut.katalon.com'

10-12-2023T17:28:34 - [MESSAGE][INFO] - Starting 'Chrome' driver

10-12-2023T17:28:34 - [MESSAGE][INFO] - Action delay is set to 0 milliseconds

10-12-2023T17:28:40 - [MESSAGE][PASSED] - Browser is opened with url: 'http://demoaut.katalon.com'

10-12-2023T17:28:40 - [TEST_STEP][PASSED] - maximizeWindow(): Current window maximized

10-12-2023T17:28:40 - [MESSAGE][PASSED] - Current window maximized

10-12-2023T17:28:40 - [TEST_STEP][PASSED] - click(findTestObject("Page_CuraHomepage/btn_MakeAppointment")): Object: 'Object Repository/Page_CuraHomepage/btn_MakeAppointment' is clicked on

10-12-2023T17:28:41 - [MESSAGE][PASSED] - Object: 'Object Repository/Page_CuraHomepage/btn_MakeAppointment' is clicked on

10-12-2023T17:28:41 - [TEST_STEP][PASSED] - takeElementScreenshotAsCheckpoint("Login Dialog Origin", LoginObject): Taking screenshot successfully

10-12-2023T17:28:41 - [MESSAGE][WARNING] - Timeout '0' is invalid. Using default page load timeout: '30'

10-12-2023T17:28:42 - [MESSAGE][INFO] - 0 hidden object(s)

10-12-2023T17:28:42 - [MESSAGE][PASSED] - Taking screenshot successfully
[[ATTACHMENT|keyes\keyes-Login Dialog Origin.png]]

10-12-2023T17:28:42 - [TEST_STEP][PASSED] - setText(findTestObject("Page_Login/txt_UserName"), Username): Text 'John Doe' is set on object 'Object Repository/Page_Login/txt_UserName'

10-12-2023T17:28:43 - [MESSAGE][PASSED] - Text 'John Doe' is set on object 'Object Repository/Page_Login/txt_UserName'

10-12-2023T17:28:43 - [TEST_STEP][PASSED] - setText(findTestObject("Page_Login/txt_Password"), Password): Text 'ThisIsNotAPassword' is set on object 'Object Repository/Page_Login/txt_Password'

10-12-2023T17:28:44 - [MESSAGE][PASSED] - Text 'ThisIsNotAPassword' is set on object 'Object Repository/Page_Login/txt_Password'

10-12-2023T17:28:44 - [TEST_STEP][PASSED] - takeElementScreenshotAsCheckpoint("Login Dialog With Data", LoginObject): Taking screenshot successfully

10-12-2023T17:28:44 - [MESSAGE][WARNING] - Timeout '0' is invalid. Using default page load timeout: '30'

10-12-2023T17:28:44 - [MESSAGE][INFO] - 0 hidden object(s)

10-12-2023T17:28:44 - [MESSAGE][PASSED] - Taking screenshot successfully
[[ATTACHMENT|keyes\keyes-Login Dialog With Data.png]]

10-12-2023T17:28:44 - [TEST_STEP][PASSED] - comment("When he logins to CURA system"): When he logins to CURA system

10-12-2023T17:28:44 - [MESSAGE][INFO] - When he logins to CURA system

10-12-2023T17:28:44 - [TEST_STEP][PASSED] - click(findTestObject("Page_Login/btn_Login")): Object: 'Object Repository/Page_Login/btn_Login' is clicked on

10-12-2023T17:28:45 - [MESSAGE][PASSED] - Object: 'Object Repository/Page_Login/btn_Login' is clicked on

10-12-2023T17:28:45 - [TEST_STEP][PASSED] - comment("Then he should be able to login successfully"): Then he should be able to login successfully

10-12-2023T17:28:45 - [MESSAGE][INFO] - Then he should be able to login successfully

10-12-2023T17:28:45 - [TEST_STEP][PASSED] - landingPage = verifyElementPresent(findTestObject("Page_CuraAppointment/div_Appointment"), G_Timeout): Object 'Object Repository/Page_CuraAppointment/div_Appointment' is present

10-12-2023T17:28:46 - [MESSAGE][PASSED] - Object 'Object Repository/Page_CuraAppointment/div_Appointment' is present

10-12-2023T17:28:46 - [TEST_STEP][PASSED] - closeBrowser(): Browser is closed

10-12-2023T17:28:46 - [MESSAGE][PASSED] - Browser is closed

10-12-2023T17:28:46 - [TEST_STEP][PASSED] - Start listener action : terminateRunningWebDrivers: null

10-12-2023T17:28:46 - [TEST_STEP][PASSED] - cleanup(): null]]></system-out>
         <system-err><![CDATA[]]></system-err>
      </testcase>
      <testcase name="Test Cases/Main Test Cases/TC2_Verify Successful Appointment_With TestOps Visual Testing" time="11.312" classname="Test Cases/Main Test Cases/TC2_Verify Successful Appointment_With TestOps Visual Testing" status="FAILED">
         <failure type="FAILED" message="Test Cases/Main Test Cases/TC2_Verify Successful Appointment_With TestOps Visual Testing FAILED.&#xa;Reason:&#xa;com.kms.katalon.core.exception.StepFailedException: Cannot take screenshot&#xa;	at com.kms.katalon.core.webui.keyword.internal.WebUIKeywordMain.stepFailed(WebUIKeywordMain.groovy:64)&#xa;	at com.kms.katalon.core.webui.keyword.internal.WebUIKeywordMain.runKeyword(WebUIKeywordMain.groovy:26)&#xa;	at com.kms.katalon.core.webui.keyword.builtin.TakeElementScreenshotKeyword.takeScreenshot(TakeElementScreenshotKeyword.groovy:123)&#xa;	at com.kms.katalon.core.webui.keyword.builtin.TakeElementScreenshotKeyword.execute(TakeElementScreenshotKeyword.groovy:81)&#xa;	at com.kms.katalon.core.keyword.internal.KeywordExecutor.executeKeywordForPlatform(KeywordExecutor.groovy:74)&#xa;	at com.kms.katalon.core.webui.keyword.WebUiBuiltInKeywords.takeElementScreenshotAsCheckpoint(WebUiBuiltInKeywords.groovy:3802)&#xa;	at TC2_Verify Successful Appointment_With TestOps Visual Testing.run(TC2_Verify Successful Appointment_With TestOps Visual Testing:35)&#xa;	at com.kms.katalon.core.main.ScriptEngine.run(ScriptEngine.java:194)&#xa;	at com.kms.katalon.core.main.ScriptEngine.runScriptAsRawText(ScriptEngine.java:119)&#xa;	at com.kms.katalon.core.main.TestCaseExecutor.runScript(TestCaseExecutor.java:448)&#xa;	at com.kms.katalon.core.main.TestCaseExecutor.doExecute(TestCaseExecutor.java:439)&#xa;	at com.kms.katalon.core.main.TestCaseExecutor.processExecutionPhase(TestCaseExecutor.java:418)&#xa;	at com.kms.katalon.core.main.TestCaseExecutor.accessMainPhase(TestCaseExecutor.java:410)&#xa;	at com.kms.katalon.core.main.TestCaseExecutor.execute(TestCaseExecutor.java:285)&#xa;	at com.kms.katalon.core.common.CommonExecutor.accessTestCaseMainPhase(CommonExecutor.java:65)&#xa;	at com.kms.katalon.core.main.TestSuiteExecutor.accessTestSuiteMainPhase(TestSuiteExecutor.java:148)&#xa;	at com.kms.katalon.core.main.TestSuiteExecutor.execute(TestSuiteExecutor.java:106)&#xa;	at com.kms.katalon.core.main.TestCaseMain.startTestSuite(TestCaseMain.java:180)&#xa;	at TempTestSuite1702204099659.run(TempTestSuite1702204099659.groovy:36)&#xa;	at java.base/jdk.internal.reflect.NativeMethodAccessorImpl.invoke0(Native Method)&#xa;	at java.base/jdk.internal.reflect.NativeMethodAccessorImpl.invoke(NativeMethodAccessorImpl.java:77)&#xa;	at java.base/jdk.internal.reflect.DelegatingMethodAccessorImpl.invoke(DelegatingMethodAccessorImpl.java:43)&#xa;Caused by: com.assertthat.selenium_shutterbug.utils.web.ElementOutsideViewportException: Requested element is outside the viewport&#xa;	at com.assertthat.selenium_shutterbug.core.ElementSnapshot.setImage(ElementSnapshot.java:30)&#xa;	at com.assertthat.selenium_shutterbug.core.Shutterbug.shootElement(Shutterbug.java:217)&#xa;	at com.assertthat.selenium_shutterbug.core.Shutterbug.shootElement(Shutterbug.java:188)&#xa;	at com.kms.katalon.core.webui.util.FileUtil.takeElementScreenshot(FileUtil.java:116)&#xa;	at com.kms.katalon.core.webui.keyword.builtin.TakeElementScreenshotKeyword$_takeScreenshot_closure1.doCall(TakeElementScreenshotKeyword.groovy:124)&#xa;	at com.kms.katalon.core.webui.keyword.builtin.TakeElementScreenshotKeyword$_takeScreenshot_closure1.call(TakeElementScreenshotKeyword.groovy)&#xa;	at com.kms.katalon.core.webui.keyword.internal.WebUIKeywordMain.runKeyword(WebUIKeywordMain.groovy:20)&#xa;	at com.kms.katalon.core.webui.keyword.builtin.TakeElementScreenshotKeyword.takeScreenshot(TakeElementScreenshotKeyword.groovy:123)&#xa;	at com.kms.katalon.core.webui.keyword.builtin.TakeElementScreenshotKeyword.execute(TakeElementScreenshotKeyword.groovy:81)&#xa;	at com.kms.katalon.core.keyword.internal.KeywordExecutor.executeKeywordForPlatform(KeywordExecutor.groovy:74)&#xa;	at com.kms.katalon.core.webui.keyword.WebUiBuiltInKeywords.takeElementScreenshotAsCheckpoint(WebUiBuiltInKeywords.groovy:3802)&#xa;	at Script1653642574512.run(Script1653642574512.groovy:35)&#xa;	... 15 more&#xa;Caused by: java.awt.image.RasterFormatException: (y + height) is outside of Raster&#xa;	at com.assertthat.selenium_shutterbug.utils.image.ImageProcessor.getElement(ImageProcessor.java:63)&#xa;	at com.assertthat.selenium_shutterbug.core.ElementSnapshot.setImage(ElementSnapshot.java:28)&#xa;	at com.assertthat.selenium_shutterbug.core.Shutterbug.shootElement(Shutterbug.java:217)&#xa;	at com.assertthat.selenium_shutterbug.core.Shutterbug.shootElement(Shutterbug.java:188)&#xa;	at com.kms.katalon.core.webui.util.FileUtil.takeElementScreenshot(FileUtil.java:116)&#xa;	at com.kms.katalon.core.webui.keyword.builtin.TakeElementScreenshotKeyword$_takeScreenshot_closure1.doCall(TakeElementScreenshotKeyword.groovy:124)&#xa;	at com.kms.katalon.core.webui.keyword.builtin.TakeElementScreenshotKeyword$_takeScreenshot_closure1.call(TakeElementScreenshotKeyword.groovy)&#xa;	at com.kms.katalon.core.webui.keyword.internal.WebUIKeywordMain.runKeyword(WebUIKeywordMain.groovy:20)&#xa;	at com.kms.katalon.core.webui.keyword.builtin.TakeElementScreenshotKeyword.takeScreenshot(TakeElementScreenshotKeyword.groovy:123)&#xa;	at com.kms.katalon.core.webui.keyword.builtin.TakeElementScreenshotKeyword.execute(TakeElementScreenshotKeyword.groovy:81)&#xa;	at com.kms.katalon.core.keyword.internal.KeywordExecutor.executeKeywordForPlatform(KeywordExecutor.groovy:74)&#xa;	at com.kms.katalon.core.webui.keyword.WebUiBuiltInKeywords.takeElementScreenshotAsCheckpoint(WebUiBuiltInKeywords.groovy:3802)&#xa;	at TC2_Verify Successful Appointment_With TestOps Visual Testing.run(TC2_Verify Successful Appointment_With TestOps Visual Testing:35)&#xa;	... 15 more&#xa;"/>
         <system-out><![CDATA[10-12-2023T17:28:47 - [TEST_CASE][FAILED] - Test Cases/Main Test Cases/TC2_Verify Successful Appointment_With TestOps Visual Testing: Test Cases/Main Test Cases/TC2_Verify Successful Appointment_With TestOps Visual Testing FAILED.
Reason:
com.kms.katalon.core.exception.StepFailedException: Cannot take screenshot
	at com.kms.katalon.core.webui.keyword.internal.WebUIKeywordMain.stepFailed(WebUIKeywordMain.groovy:64)
	at com.kms.katalon.core.webui.keyword.internal.WebUIKeywordMain.runKeyword(WebUIKeywordMain.groovy:26)
	at com.kms.katalon.core.webui.keyword.builtin.TakeElementScreenshotKeyword.takeScreenshot(TakeElementScreenshotKeyword.groovy:123)
	at com.kms.katalon.core.webui.keyword.builtin.TakeElementScreenshotKeyword.execute(TakeElementScreenshotKeyword.groovy:81)
	at com.kms.katalon.core.keyword.internal.KeywordExecutor.executeKeywordForPlatform(KeywordExecutor.groovy:74)
	at com.kms.katalon.core.webui.keyword.WebUiBuiltInKeywords.takeElementScreenshotAsCheckpoint(WebUiBuiltInKeywords.groovy:3802)
	at TC2_Verify Successful Appointment_With TestOps Visual Testing.run(TC2_Verify Successful Appointment_With TestOps Visual Testing:35)
	at com.kms.katalon.core.main.ScriptEngine.run(ScriptEngine.java:194)
	at com.kms.katalon.core.main.ScriptEngine.runScriptAsRawText(ScriptEngine.java:119)
	at com.kms.katalon.core.main.TestCaseExecutor.runScript(TestCaseExecutor.java:448)
	at com.kms.katalon.core.main.TestCaseExecutor.doExecute(TestCaseExecutor.java:439)
	at com.kms.katalon.core.main.TestCaseExecutor.processExecutionPhase(TestCaseExecutor.java:418)
	at com.kms.katalon.core.main.TestCaseExecutor.accessMainPhase(TestCaseExecutor.java:410)
	at com.kms.katalon.core.main.TestCaseExecutor.execute(TestCaseExecutor.java:285)
	at com.kms.katalon.core.common.CommonExecutor.accessTestCaseMainPhase(CommonExecutor.java:65)
	at com.kms.katalon.core.main.TestSuiteExecutor.accessTestSuiteMainPhase(TestSuiteExecutor.java:148)
	at com.kms.katalon.core.main.TestSuiteExecutor.execute(TestSuiteExecutor.java:106)
	at com.kms.katalon.core.main.TestCaseMain.startTestSuite(TestCaseMain.java:180)
	at TempTestSuite1702204099659.run(TempTestSuite1702204099659.groovy:36)
	at java.base/jdk.internal.reflect.NativeMethodAccessorImpl.invoke0(Native Method)
	at java.base/jdk.internal.reflect.NativeMethodAccessorImpl.invoke(NativeMethodAccessorImpl.java:77)
	at java.base/jdk.internal.reflect.DelegatingMethodAccessorImpl.invoke(DelegatingMethodAccessorImpl.java:43)
Caused by: com.assertthat.selenium_shutterbug.utils.web.ElementOutsideViewportException: Requested element is outside the viewport
	at com.assertthat.selenium_shutterbug.core.ElementSnapshot.setImage(ElementSnapshot.java:30)
	at com.assertthat.selenium_shutterbug.core.Shutterbug.shootElement(Shutterbug.java:217)
	at com.assertthat.selenium_shutterbug.core.Shutterbug.shootElement(Shutterbug.java:188)
	at com.kms.katalon.core.webui.util.FileUtil.takeElementScreenshot(FileUtil.java:116)
	at com.kms.katalon.core.webui.keyword.builtin.TakeElementScreenshotKeyword$_takeScreenshot_closure1.doCall(TakeElementScreenshotKeyword.groovy:124)
	at com.kms.katalon.core.webui.keyword.builtin.TakeElementScreenshotKeyword$_takeScreenshot_closure1.call(TakeElementScreenshotKeyword.groovy)
	at com.kms.katalon.core.webui.keyword.internal.WebUIKeywordMain.runKeyword(WebUIKeywordMain.groovy:20)
	at com.kms.katalon.core.webui.keyword.builtin.TakeElementScreenshotKeyword.takeScreenshot(TakeElementScreenshotKeyword.groovy:123)
	at com.kms.katalon.core.webui.keyword.builtin.TakeElementScreenshotKeyword.execute(TakeElementScreenshotKeyword.groovy:81)
	at com.kms.katalon.core.keyword.internal.KeywordExecutor.executeKeywordForPlatform(KeywordExecutor.groovy:74)
	at com.kms.katalon.core.webui.keyword.WebUiBuiltInKeywords.takeElementScreenshotAsCheckpoint(WebUiBuiltInKeywords.groovy:3802)
	at Script1653642574512.run(Script1653642574512.groovy:35)
	... 15 more
Caused by: java.awt.image.RasterFormatException: (y + height) is outside of Raster
	at com.assertthat.selenium_shutterbug.utils.image.ImageProcessor.getElement(ImageProcessor.java:63)
	at com.assertthat.selenium_shutterbug.core.ElementSnapshot.setImage(ElementSnapshot.java:28)
	at com.assertthat.selenium_shutterbug.core.Shutterbug.shootElement(Shutterbug.java:217)
	at com.assertthat.selenium_shutterbug.core.Shutterbug.shootElement(Shutterbug.java:188)
	at com.kms.katalon.core.webui.util.FileUtil.takeElementScreenshot(FileUtil.java:116)
	at com.kms.katalon.core.webui.keyword.builtin.TakeElementScreenshotKeyword$_takeScreenshot_closure1.doCall(TakeElementScreenshotKeyword.groovy:124)
	at com.kms.katalon.core.webui.keyword.builtin.TakeElementScreenshotKeyword$_takeScreenshot_closure1.call(TakeElementScreenshotKeyword.groovy)
	at com.kms.katalon.core.webui.keyword.internal.WebUIKeywordMain.runKeyword(WebUIKeywordMain.groovy:20)
	at com.kms.katalon.core.webui.keyword.builtin.TakeElementScreenshotKeyword.takeScreenshot(TakeElementScreenshotKeyword.groovy:123)
	at com.kms.katalon.core.webui.keyword.builtin.TakeElementScreenshotKeyword.execute(TakeElementScreenshotKeyword.groovy:81)
	at com.kms.katalon.core.keyword.internal.KeywordExecutor.executeKeywordForPlatform(KeywordExecutor.groovy:74)
	at com.kms.katalon.core.webui.keyword.WebUiBuiltInKeywords.takeElementScreenshotAsCheckpoint(WebUiBuiltInKeywords.groovy:3802)
	at TC2_Verify Successful Appointment_With TestOps Visual Testing.run(TC2_Verify Successful Appointment_With TestOps Visual Testing:35)
	... 15 more


10-12-2023T17:28:48 - [TEST_STEP][PASSED] - comment("Story: Book an appointment"): Story: Book an appointment

10-12-2023T17:28:48 - [MESSAGE][INFO] - Story: Book an appointment

10-12-2023T17:28:48 - [TEST_STEP][PASSED] - comment("Given that the user has logged into their account"): Given that the user has logged into their account

10-12-2023T17:28:48 - [MESSAGE][INFO] - Given that the user has logged into their account

10-12-2023T17:28:48 - [TEST_STEP][PASSED] - openBrowser(G_SiteURL): Browser is opened with url: 'http://demoaut.katalon.com'

10-12-2023T17:28:48 - [MESSAGE][INFO] - Starting 'Chrome' driver

10-12-2023T17:28:48 - [MESSAGE][INFO] - Action delay is set to 0 milliseconds

10-12-2023T17:28:53 - [MESSAGE][PASSED] - Browser is opened with url: 'http://demoaut.katalon.com'

10-12-2023T17:28:53 - [TEST_STEP][PASSED] - maximizeWindow(): Current window maximized

10-12-2023T17:28:53 - [MESSAGE][PASSED] - Current window maximized

10-12-2023T17:28:53 - [TEST_STEP][PASSED] - callTestCase(findTestCase("Common Test Cases/Login"), ["Username":"John Doe", "Password":"ThisIsNotAPassword"], STOP_ON_FAILURE): Call Test Case 'Test Cases/Common Test Cases/Login' successfully

10-12-2023T17:28:53 - [TEST_CASE][PASSED] - Test Cases/Common Test Cases/Login: Test Cases/Common Test Cases/Login

10-12-2023T17:28:53 - [TEST_STEP][PASSED] - click(findTestObject("Page_CuraHomepage/btn_MakeAppointment")): Object: 'Object Repository/Page_CuraHomepage/btn_MakeAppointment' is clicked on

10-12-2023T17:28:54 - [MESSAGE][PASSED] - Object: 'Object Repository/Page_CuraHomepage/btn_MakeAppointment' is clicked on

10-12-2023T17:28:54 - [TEST_STEP][PASSED] - setText(findTestObject("Page_Login/txt_UserName"), Username): Text 'John Doe' is set on object 'Object Repository/Page_Login/txt_UserName'

10-12-2023T17:28:55 - [MESSAGE][PASSED] - Text 'John Doe' is set on object 'Object Repository/Page_Login/txt_UserName'

10-12-2023T17:28:55 - [TEST_STEP][PASSED] - setText(findTestObject("Page_Login/txt_Password"), Password): Text 'ThisIsNotAPassword' is set on object 'Object Repository/Page_Login/txt_Password'

10-12-2023T17:28:55 - [MESSAGE][PASSED] - Text 'ThisIsNotAPassword' is set on object 'Object Repository/Page_Login/txt_Password'

10-12-2023T17:28:55 - [TEST_STEP][PASSED] - click(findTestObject("Page_Login/btn_Login")): Object: 'Object Repository/Page_Login/btn_Login' is clicked on

10-12-2023T17:28:56 - [MESSAGE][PASSED] - Object: 'Object Repository/Page_Login/btn_Login' is clicked on

10-12-2023T17:28:56 - [TEST_STEP][PASSED] - landingPage = verifyElementPresent(findTestObject("Page_CuraAppointment/div_Appointment"), G_Timeout): Object 'Object Repository/Page_CuraAppointment/div_Appointment' is present

10-12-2023T17:28:57 - [MESSAGE][PASSED] - Object 'Object Repository/Page_CuraAppointment/div_Appointment' is present

10-12-2023T17:28:57 - [MESSAGE][PASSED] - Call Test Case 'Test Cases/Common Test Cases/Login' successfully

10-12-2023T17:28:57 - [TEST_STEP][PASSED] - comment("And Appointment page is displayed"): And Appointment page is displayed

10-12-2023T17:28:57 - [MESSAGE][INFO] - And Appointment page is displayed

10-12-2023T17:28:57 - [TEST_STEP][FAILED] - takeElementScreenshotAsCheckpoint("Appointment Dialog Origin", AppointmentDialogObject): Cannot take screenshot (Root cause: com.kms.katalon.core.exception.StepFailedException: Cannot take screenshot
	at com.kms.katalon.core.webui.keyword.internal.WebUIKeywordMain.stepFailed(WebUIKeywordMain.groovy:64)
	at com.kms.katalon.core.webui.keyword.internal.WebUIKeywordMain.runKeyword(WebUIKeywordMain.groovy:26)
	at com.kms.katalon.core.webui.keyword.builtin.TakeElementScreenshotKeyword.takeScreenshot(TakeElementScreenshotKeyword.groovy:123)
	at com.kms.katalon.core.webui.keyword.builtin.TakeElementScreenshotKeyword.execute(TakeElementScreenshotKeyword.groovy:81)
	at com.kms.katalon.core.keyword.internal.KeywordExecutor.executeKeywordForPlatform(KeywordExecutor.groovy:74)
	at com.kms.katalon.core.webui.keyword.WebUiBuiltInKeywords.takeElementScreenshotAsCheckpoint(WebUiBuiltInKeywords.groovy:3802)
	at TC2_Verify Successful Appointment_With TestOps Visual Testing.run(TC2_Verify Successful Appointment_With TestOps Visual Testing:35)
	at com.kms.katalon.core.main.ScriptEngine.run(ScriptEngine.java:194)
	at com.kms.katalon.core.main.ScriptEngine.runScriptAsRawText(ScriptEngine.java:119)
	at com.kms.katalon.core.main.TestCaseExecutor.runScript(TestCaseExecutor.java:448)
	at com.kms.katalon.core.main.TestCaseExecutor.doExecute(TestCaseExecutor.java:439)
	at com.kms.katalon.core.main.TestCaseExecutor.processExecutionPhase(TestCaseExecutor.java:418)
	at com.kms.katalon.core.main.TestCaseExecutor.accessMainPhase(TestCaseExecutor.java:410)
	at com.kms.katalon.core.main.TestCaseExecutor.execute(TestCaseExecutor.java:285)
	at com.kms.katalon.core.common.CommonExecutor.accessTestCaseMainPhase(CommonExecutor.java:65)
	at com.kms.katalon.core.main.TestSuiteExecutor.accessTestSuiteMainPhase(TestSuiteExecutor.java:148)
	at com.kms.katalon.core.main.TestSuiteExecutor.execute(TestSuiteExecutor.java:106)
	at com.kms.katalon.core.main.TestCaseMain.startTestSuite(TestCaseMain.java:180)
	at TempTestSuite1702204099659.run(TempTestSuite1702204099659.groovy:36)
	at java.base/jdk.internal.reflect.NativeMethodAccessorImpl.invoke0(Native Method)
	at java.base/jdk.internal.reflect.NativeMethodAccessorImpl.invoke(NativeMethodAccessorImpl.java:77)
	at java.base/jdk.internal.reflect.DelegatingMethodAccessorImpl.invoke(DelegatingMethodAccessorImpl.java:43)
Caused by: com.assertthat.selenium_shutterbug.utils.web.ElementOutsideViewportException: Requested element is outside the viewport
	at com.assertthat.selenium_shutterbug.core.ElementSnapshot.setImage(ElementSnapshot.java:30)
	at com.assertthat.selenium_shutterbug.core.Shutterbug.shootElement(Shutterbug.java:217)
	at com.assertthat.selenium_shutterbug.core.Shutterbug.shootElement(Shutterbug.java:188)
	at com.kms.katalon.core.webui.util.FileUtil.takeElementScreenshot(FileUtil.java:116)
	at com.kms.katalon.core.webui.keyword.builtin.TakeElementScreenshotKeyword$_takeScreenshot_closure1.doCall(TakeElementScreenshotKeyword.groovy:124)
	at com.kms.katalon.core.webui.keyword.builtin.TakeElementScreenshotKeyword$_takeScreenshot_closure1.call(TakeElementScreenshotKeyword.groovy)
	at com.kms.katalon.core.webui.keyword.internal.WebUIKeywordMain.runKeyword(WebUIKeywordMain.groovy:20)
	at com.kms.katalon.core.webui.keyword.builtin.TakeElementScreenshotKeyword.takeScreenshot(TakeElementScreenshotKeyword.groovy:123)
	at com.kms.katalon.core.webui.keyword.builtin.TakeElementScreenshotKeyword.execute(TakeElementScreenshotKeyword.groovy:81)
	at com.kms.katalon.core.keyword.internal.KeywordExecutor.executeKeywordForPlatform(KeywordExecutor.groovy:74)
	at com.kms.katalon.core.webui.keyword.WebUiBuiltInKeywords.takeElementScreenshotAsCheckpoint(WebUiBuiltInKeywords.groovy:3802)
	at Script1653642574512.run(Script1653642574512.groovy:35)
	... 15 more
Caused by: java.awt.image.RasterFormatException: (y + height) is outside of Raster
	at com.assertthat.selenium_shutterbug.utils.image.ImageProcessor.getElement(ImageProcessor.java:63)
	at com.assertthat.selenium_shutterbug.core.ElementSnapshot.setImage(ElementSnapshot.java:28)
	... 26 more
)

10-12-2023T17:28:57 - [MESSAGE][WARNING] - Timeout '0' is invalid. Using default page load timeout: '30'

10-12-2023T17:28:57 - [MESSAGE][FAILED] - Cannot take screenshot (Root cause: com.kms.katalon.core.exception.StepFailedException: Cannot take screenshot
	at com.kms.katalon.core.webui.keyword.internal.WebUIKeywordMain.stepFailed(WebUIKeywordMain.groovy:64)
	at com.kms.katalon.core.webui.keyword.internal.WebUIKeywordMain.runKeyword(WebUIKeywordMain.groovy:26)
	at com.kms.katalon.core.webui.keyword.builtin.TakeElementScreenshotKeyword.takeScreenshot(TakeElementScreenshotKeyword.groovy:123)
	at com.kms.katalon.core.webui.keyword.builtin.TakeElementScreenshotKeyword.execute(TakeElementScreenshotKeyword.groovy:81)
	at com.kms.katalon.core.keyword.internal.KeywordExecutor.executeKeywordForPlatform(KeywordExecutor.groovy:74)
	at com.kms.katalon.core.webui.keyword.WebUiBuiltInKeywords.takeElementScreenshotAsCheckpoint(WebUiBuiltInKeywords.groovy:3802)
	at TC2_Verify Successful Appointment_With TestOps Visual Testing.run(TC2_Verify Successful Appointment_With TestOps Visual Testing:35)
	at com.kms.katalon.core.main.ScriptEngine.run(ScriptEngine.java:194)
	at com.kms.katalon.core.main.ScriptEngine.runScriptAsRawText(ScriptEngine.java:119)
	at com.kms.katalon.core.main.TestCaseExecutor.runScript(TestCaseExecutor.java:448)
	at com.kms.katalon.core.main.TestCaseExecutor.doExecute(TestCaseExecutor.java:439)
	at com.kms.katalon.core.main.TestCaseExecutor.processExecutionPhase(TestCaseExecutor.java:418)
	at com.kms.katalon.core.main.TestCaseExecutor.accessMainPhase(TestCaseExecutor.java:410)
	at com.kms.katalon.core.main.TestCaseExecutor.execute(TestCaseExecutor.java:285)
	at com.kms.katalon.core.common.CommonExecutor.accessTestCaseMainPhase(CommonExecutor.java:65)
	at com.kms.katalon.core.main.TestSuiteExecutor.accessTestSuiteMainPhase(TestSuiteExecutor.java:148)
	at com.kms.katalon.core.main.TestSuiteExecutor.execute(TestSuiteExecutor.java:106)
	at com.kms.katalon.core.main.TestCaseMain.startTestSuite(TestCaseMain.java:180)
	at TempTestSuite1702204099659.run(TempTestSuite1702204099659.groovy:36)
	at java.base/jdk.internal.reflect.NativeMethodAccessorImpl.invoke0(Native Method)
	at java.base/jdk.internal.reflect.NativeMethodAccessorImpl.invoke(NativeMethodAccessorImpl.java:77)
	at java.base/jdk.internal.reflect.DelegatingMethodAccessorImpl.invoke(DelegatingMethodAccessorImpl.java:43)
Caused by: com.assertthat.selenium_shutterbug.utils.web.ElementOutsideViewportException: Requested element is outside the viewport
	at com.assertthat.selenium_shutterbug.core.ElementSnapshot.setImage(ElementSnapshot.java:30)
	at com.assertthat.selenium_shutterbug.core.Shutterbug.shootElement(Shutterbug.java:217)
	at com.assertthat.selenium_shutterbug.core.Shutterbug.shootElement(Shutterbug.java:188)
	at com.kms.katalon.core.webui.util.FileUtil.takeElementScreenshot(FileUtil.java:116)
	at com.kms.katalon.core.webui.keyword.builtin.TakeElementScreenshotKeyword$_takeScreenshot_closure1.doCall(TakeElementScreenshotKeyword.groovy:124)
	at com.kms.katalon.core.webui.keyword.builtin.TakeElementScreenshotKeyword$_takeScreenshot_closure1.call(TakeElementScreenshotKeyword.groovy)
	at com.kms.katalon.core.webui.keyword.internal.WebUIKeywordMain.runKeyword(WebUIKeywordMain.groovy:20)
	at com.kms.katalon.core.webui.keyword.builtin.TakeElementScreenshotKeyword.takeScreenshot(TakeElementScreenshotKeyword.groovy:123)
	at com.kms.katalon.core.webui.keyword.builtin.TakeElementScreenshotKeyword.execute(TakeElementScreenshotKeyword.groovy:81)
	at com.kms.katalon.core.keyword.internal.KeywordExecutor.executeKeywordForPlatform(KeywordExecutor.groovy:74)
	at com.kms.katalon.core.webui.keyword.WebUiBuiltInKeywords.takeElementScreenshotAsCheckpoint(WebUiBuiltInKeywords.groovy:3802)
	at Script1653642574512.run(Script1653642574512.groovy:35)
	... 15 more
Caused by: java.awt.image.RasterFormatException: (y + height) is outside of Raster
	at com.assertthat.selenium_shutterbug.utils.image.ImageProcessor.getElement(ImageProcessor.java:63)
	at com.assertthat.selenium_shutterbug.core.ElementSnapshot.setImage(ElementSnapshot.java:28)
	... 26 more
)

10-12-2023T17:28:57 - [TEST_STEP][PASSED] - Start listener action : terminateRunningWebDrivers: null

10-12-2023T17:28:57 - [TEST_STEP][PASSED] - cleanup(): null]]></system-out>
         <system-err><![CDATA[10-12-2023T17:28:47 - [TEST_CASE][FAILED] - Test Cases/Main Test Cases/TC2_Verify Successful Appointment_With TestOps Visual Testing: Test Cases/Main Test Cases/TC2_Verify Successful Appointment_With TestOps Visual Testing FAILED.
Reason:
com.kms.katalon.core.exception.StepFailedException: Cannot take screenshot
	at com.kms.katalon.core.webui.keyword.internal.WebUIKeywordMain.stepFailed(WebUIKeywordMain.groovy:64)
	at com.kms.katalon.core.webui.keyword.internal.WebUIKeywordMain.runKeyword(WebUIKeywordMain.groovy:26)
	at com.kms.katalon.core.webui.keyword.builtin.TakeElementScreenshotKeyword.takeScreenshot(TakeElementScreenshotKeyword.groovy:123)
	at com.kms.katalon.core.webui.keyword.builtin.TakeElementScreenshotKeyword.execute(TakeElementScreenshotKeyword.groovy:81)
	at com.kms.katalon.core.keyword.internal.KeywordExecutor.executeKeywordForPlatform(KeywordExecutor.groovy:74)
	at com.kms.katalon.core.webui.keyword.WebUiBuiltInKeywords.takeElementScreenshotAsCheckpoint(WebUiBuiltInKeywords.groovy:3802)
	at TC2_Verify Successful Appointment_With TestOps Visual Testing.run(TC2_Verify Successful Appointment_With TestOps Visual Testing:35)
	at com.kms.katalon.core.main.ScriptEngine.run(ScriptEngine.java:194)
	at com.kms.katalon.core.main.ScriptEngine.runScriptAsRawText(ScriptEngine.java:119)
	at com.kms.katalon.core.main.TestCaseExecutor.runScript(TestCaseExecutor.java:448)
	at com.kms.katalon.core.main.TestCaseExecutor.doExecute(TestCaseExecutor.java:439)
	at com.kms.katalon.core.main.TestCaseExecutor.processExecutionPhase(TestCaseExecutor.java:418)
	at com.kms.katalon.core.main.TestCaseExecutor.accessMainPhase(TestCaseExecutor.java:410)
	at com.kms.katalon.core.main.TestCaseExecutor.execute(TestCaseExecutor.java:285)
	at com.kms.katalon.core.common.CommonExecutor.accessTestCaseMainPhase(CommonExecutor.java:65)
	at com.kms.katalon.core.main.TestSuiteExecutor.accessTestSuiteMainPhase(TestSuiteExecutor.java:148)
	at com.kms.katalon.core.main.TestSuiteExecutor.execute(TestSuiteExecutor.java:106)
	at com.kms.katalon.core.main.TestCaseMain.startTestSuite(TestCaseMain.java:180)
	at TempTestSuite1702204099659.run(TempTestSuite1702204099659.groovy:36)
	at java.base/jdk.internal.reflect.NativeMethodAccessorImpl.invoke0(Native Method)
	at java.base/jdk.internal.reflect.NativeMethodAccessorImpl.invoke(NativeMethodAccessorImpl.java:77)
	at java.base/jdk.internal.reflect.DelegatingMethodAccessorImpl.invoke(DelegatingMethodAccessorImpl.java:43)
Caused by: com.assertthat.selenium_shutterbug.utils.web.ElementOutsideViewportException: Requested element is outside the viewport
	at com.assertthat.selenium_shutterbug.core.ElementSnapshot.setImage(ElementSnapshot.java:30)
	at com.assertthat.selenium_shutterbug.core.Shutterbug.shootElement(Shutterbug.java:217)
	at com.assertthat.selenium_shutterbug.core.Shutterbug.shootElement(Shutterbug.java:188)
	at com.kms.katalon.core.webui.util.FileUtil.takeElementScreenshot(FileUtil.java:116)
	at com.kms.katalon.core.webui.keyword.builtin.TakeElementScreenshotKeyword$_takeScreenshot_closure1.doCall(TakeElementScreenshotKeyword.groovy:124)
	at com.kms.katalon.core.webui.keyword.builtin.TakeElementScreenshotKeyword$_takeScreenshot_closure1.call(TakeElementScreenshotKeyword.groovy)
	at com.kms.katalon.core.webui.keyword.internal.WebUIKeywordMain.runKeyword(WebUIKeywordMain.groovy:20)
	at com.kms.katalon.core.webui.keyword.builtin.TakeElementScreenshotKeyword.takeScreenshot(TakeElementScreenshotKeyword.groovy:123)
	at com.kms.katalon.core.webui.keyword.builtin.TakeElementScreenshotKeyword.execute(TakeElementScreenshotKeyword.groovy:81)
	at com.kms.katalon.core.keyword.internal.KeywordExecutor.executeKeywordForPlatform(KeywordExecutor.groovy:74)
	at com.kms.katalon.core.webui.keyword.WebUiBuiltInKeywords.takeElementScreenshotAsCheckpoint(WebUiBuiltInKeywords.groovy:3802)
	at Script1653642574512.run(Script1653642574512.groovy:35)
	... 15 more
Caused by: java.awt.image.RasterFormatException: (y + height) is outside of Raster
	at com.assertthat.selenium_shutterbug.utils.image.ImageProcessor.getElement(ImageProcessor.java:63)
	at com.assertthat.selenium_shutterbug.core.ElementSnapshot.setImage(ElementSnapshot.java:28)
	at com.assertthat.selenium_shutterbug.core.Shutterbug.shootElement(Shutterbug.java:217)
	at com.assertthat.selenium_shutterbug.core.Shutterbug.shootElement(Shutterbug.java:188)
	at com.kms.katalon.core.webui.util.FileUtil.takeElementScreenshot(FileUtil.java:116)
	at com.kms.katalon.core.webui.keyword.builtin.TakeElementScreenshotKeyword$_takeScreenshot_closure1.doCall(TakeElementScreenshotKeyword.groovy:124)
	at com.kms.katalon.core.webui.keyword.builtin.TakeElementScreenshotKeyword$_takeScreenshot_closure1.call(TakeElementScreenshotKeyword.groovy)
	at com.kms.katalon.core.webui.keyword.internal.WebUIKeywordMain.runKeyword(WebUIKeywordMain.groovy:20)
	at com.kms.katalon.core.webui.keyword.builtin.TakeElementScreenshotKeyword.takeScreenshot(TakeElementScreenshotKeyword.groovy:123)
	at com.kms.katalon.core.webui.keyword.builtin.TakeElementScreenshotKeyword.execute(TakeElementScreenshotKeyword.groovy:81)
	at com.kms.katalon.core.keyword.internal.KeywordExecutor.executeKeywordForPlatform(KeywordExecutor.groovy:74)
	at com.kms.katalon.core.webui.keyword.WebUiBuiltInKeywords.takeElementScreenshotAsCheckpoint(WebUiBuiltInKeywords.groovy:3802)
	at TC2_Verify Successful Appointment_With TestOps Visual Testing.run(TC2_Verify Successful Appointment_With TestOps Visual Testing:35)
	... 15 more]]></system-err>
      </testcase>
      <system-out><![CDATA[10-12-2023T17:28:32 - [TEST_SUITE][INCOMPLETE] - TS_RegressionTest_With TestOps Visual Testing: null]]></system-out>
      <system-err><![CDATA[10-12-2023T17:28:32 - [TEST_SUITE][INCOMPLETE] - TS_RegressionTest_With TestOps Visual Testing: null]]></system-err>
   </testsuite>
</testsuites>
